2011-11-30 13:59:44 Error: [MissingViewException] View file "/Users/goozzik/projects/dziennik/app/View/Users/index.ctp" is missing.
#0 /Users/goozzik/projects/dziennik/lib/Cake/View/View.php(363): View->_getViewFileName(NULL)
#1 /Users/goozzik/projects/dziennik/lib/Cake/Controller/Controller.php(900): View->render(NULL, NULL)
#2 /Users/goozzik/projects/dziennik/lib/Cake/Routing/Dispatcher.php(114): Controller->render()
#3 /Users/goozzik/projects/dziennik/lib/Cake/Routing/Dispatcher.php(89): Dispatcher->_invoke(Object(UsersController), Object(CakeRequest), Object(CakeResponse))
#4 /Users/goozzik/projects/dziennik/app/webroot/index.php(96): Dispatcher->dispatch(Object(CakeRequest), Object(CakeResponse))
#5 {main}
2011-11-30 13:59:57 Error: [MissingViewException] View file "/Users/goozzik/projects/dziennik/app/View/Users/index.ctp" is missing.
#0 /Users/goozzik/projects/dziennik/lib/Cake/View/View.php(363): View->_getViewFileName(NULL)
#1 /Users/goozzik/projects/dziennik/lib/Cake/Controller/Controller.php(900): View->render(NULL, NULL)
#2 /Users/goozzik/projects/dziennik/lib/Cake/Routing/Dispatcher.php(114): Controller->render()
#3 /Users/goozzik/projects/dziennik/lib/Cake/Routing/Dispatcher.php(89): Dispatcher->_invoke(Object(UsersController), Object(CakeRequest), Object(CakeResponse))
#4 /Users/goozzik/projects/dziennik/app/webroot/index.php(96): Dispatcher->dispatch(Object(CakeRequest), Object(CakeResponse))
#5 {main}
2011-11-30 14:12:25 Error: [MissingActionException] Action UsersController::zaloguj() could not be found.
#0 /Users/goozzik/projects/dziennik/lib/Cake/Routing/Dispatcher.php(107): Controller->invokeAction(Object(CakeRequest))
#1 /Users/goozzik/projects/dziennik/lib/Cake/Routing/Dispatcher.php(89): Dispatcher->_invoke(Object(UsersController), Object(CakeRequest), Object(CakeResponse))
#2 /Users/goozzik/projects/dziennik/app/webroot/index.php(96): Dispatcher->dispatch(Object(CakeRequest), Object(CakeResponse))
#3 {main}
2011-11-30 14:12:42 Error: [MissingActionException] Action UsersController::zaloguj() could not be found.
#0 /Users/goozzik/projects/dziennik/lib/Cake/Routing/Dispatcher.php(107): Controller->invokeAction(Object(CakeRequest))
#1 /Users/goozzik/projects/dziennik/lib/Cake/Routing/Dispatcher.php(89): Dispatcher->_invoke(Object(UsersController), Object(CakeRequest), Object(CakeResponse))
#2 /Users/goozzik/projects/dziennik/app/webroot/index.php(96): Dispatcher->dispatch(Object(CakeRequest), Object(CakeResponse))
#3 {main}
2011-11-30 14:31:03 Error: [MissingHelperException] Helper class JavascriptHelper could not be found.
#0 /Users/goozzik/projects/dziennik/lib/Cake/View/View.php(577): HelperCollection->load('Javascript', Array)
#1 /Users/goozzik/projects/dziennik/lib/Cake/View/View.php(359): View->loadHelpers()
#2 /Users/goozzik/projects/dziennik/lib/Cake/Controller/Controller.php(900): View->render(NULL, NULL)
#3 /Users/goozzik/projects/dziennik/lib/Cake/Routing/Dispatcher.php(114): Controller->render()
#4 /Users/goozzik/projects/dziennik/lib/Cake/Routing/Dispatcher.php(89): Dispatcher->_invoke(Object(UsersController), Object(CakeRequest), Object(CakeResponse))
#5 /Users/goozzik/projects/dziennik/app/webroot/index.php(96): Dispatcher->dispatch(Object(CakeRequest), Object(CakeResponse))
#6 {main}
2011-11-30 14:32:36 Error: [MissingHelperException] Helper class JavascriptHelper could not be found.
#0 /Users/goozzik/projects/dziennik/lib/Cake/View/View.php(577): HelperCollection->load('Javascript', Array)
#1 /Users/goozzik/projects/dziennik/lib/Cake/View/View.php(359): View->loadHelpers()
#2 /Users/goozzik/projects/dziennik/lib/Cake/Controller/Controller.php(900): View->render(NULL, NULL)
#3 /Users/goozzik/projects/dziennik/lib/Cake/Routing/Dispatcher.php(114): Controller->render()
#4 /Users/goozzik/projects/dziennik/lib/Cake/Routing/Dispatcher.php(89): Dispatcher->_invoke(Object(UsersController), Object(CakeRequest), Object(CakeResponse))
#5 /Users/goozzik/projects/dziennik/app/webroot/index.php(96): Dispatcher->dispatch(Object(CakeRequest), Object(CakeResponse))
#6 {main}
2011-12-01 13:41:05 Error: [MissingControllerException] Controller class JsController could not be found.
#0 /Users/goozzik/projects/dziennik/app/webroot/index.php(96): Dispatcher->dispatch(Object(CakeRequest), Object(CakeResponse))
#1 {main}
2011-12-01 13:41:09 Error: [MissingControllerException] Controller class JsController could not be found.
#0 /Users/goozzik/projects/dziennik/app/webroot/index.php(96): Dispatcher->dispatch(Object(CakeRequest), Object(CakeResponse))
#1 {main}
2011-12-01 13:41:12 Error: [MissingControllerException] Controller class JsController could not be found.
#0 /Users/goozzik/projects/dziennik/app/webroot/index.php(96): Dispatcher->dispatch(Object(CakeRequest), Object(CakeResponse))
#1 {main}
2011-12-01 13:41:14 Error: [MissingActionException] Action UsersController::js() could not be found.
#0 /Users/goozzik/projects/dziennik/lib/Cake/Routing/Dispatcher.php(107): Controller->invokeAction(Object(CakeRequest))
#1 /Users/goozzik/projects/dziennik/lib/Cake/Routing/Dispatcher.php(89): Dispatcher->_invoke(Object(UsersController), Object(CakeRequest), Object(CakeResponse))
#2 /Users/goozzik/projects/dziennik/app/webroot/index.php(96): Dispatcher->dispatch(Object(CakeRequest), Object(CakeResponse))
#3 {main}
2011-12-01 13:41:19 Error: [MissingViewException] View file "/Users/goozzik/projects/dziennik/app/View/Pages/js/jquery.js.ctp" is missing.
#0 /Users/goozzik/projects/dziennik/lib/Cake/View/View.php(363): View->_getViewFileName('js/jquery.js')
#1 /Users/goozzik/projects/dziennik/lib/Cake/Controller/Controller.php(900): View->render('js/jquery.js', NULL)
#2 /Users/goozzik/projects/dziennik/lib/Cake/Controller/PagesController.php(80): Controller->render('js/jquery.js')
#3 [internal function]: PagesController->display('js', 'jquery.js')
#4 /Users/goozzik/projects/dziennik/lib/Cake/Controller/Controller.php(473): ReflectionMethod->invokeArgs(Object(PagesController), Array)
#5 /Users/goozzik/projects/dziennik/lib/Cake/Routing/Dispatcher.php(107): Controller->invokeAction(Object(CakeRequest))
#6 /Users/goozzik/projects/dziennik/lib/Cake/Routing/Dispatcher.php(89): Dispatcher->_invoke(Object(PagesController), Object(CakeRequest), Object(CakeResponse))
#7 /Users/goozzik/projects/dziennik/app/webroot/index.php(96): Dispatcher->dispatch(Object(CakeRequest), Object(CakeResponse))
#8 {main}
2011-12-01 13:41:25 Error: [MissingActionException] Action TeachersController::js() could not be found.
#0 /Users/goozzik/projects/dziennik/lib/Cake/Routing/Dispatcher.php(107): Controller->invokeAction(Object(CakeRequest))
#1 /Users/goozzik/projects/dziennik/lib/Cake/Routing/Dispatcher.php(89): Dispatcher->_invoke(Object(TeachersController), Object(CakeRequest), Object(CakeResponse))
#2 /Users/goozzik/projects/dziennik/app/webroot/index.php(96): Dispatcher->dispatch(Object(CakeRequest), Object(CakeResponse))
#3 {main}
2011-12-01 13:45:50 Error: [MissingActionException] Action UsersController::js() could not be found.
#0 /Users/goozzik/projects/dziennik/lib/Cake/Routing/Dispatcher.php(107): Controller->invokeAction(Object(CakeRequest))
#1 /Users/goozzik/projects/dziennik/lib/Cake/Routing/Dispatcher.php(89): Dispatcher->_invoke(Object(UsersController), Object(CakeRequest), Object(CakeResponse))
#2 /Users/goozzik/projects/dziennik/app/webroot/index.php(96): Dispatcher->dispatch(Object(CakeRequest), Object(CakeResponse))
#3 {main}
2011-12-01 13:45:59 Error: [MissingViewException] View file "/Users/goozzik/projects/dziennik/app/View/Pages/js/jquery.js.ctp" is missing.
#0 /Users/goozzik/projects/dziennik/lib/Cake/View/View.php(363): View->_getViewFileName('js/jquery.js')
#1 /Users/goozzik/projects/dziennik/lib/Cake/Controller/Controller.php(900): View->render('js/jquery.js', NULL)
#2 /Users/goozzik/projects/dziennik/lib/Cake/Controller/PagesController.php(80): Controller->render('js/jquery.js')
#3 [internal function]: PagesController->display('js', 'jquery.js')
#4 /Users/goozzik/projects/dziennik/lib/Cake/Controller/Controller.php(473): ReflectionMethod->invokeArgs(Object(PagesController), Array)
#5 /Users/goozzik/projects/dziennik/lib/Cake/Routing/Dispatcher.php(107): Controller->invokeAction(Object(CakeRequest))
#6 /Users/goozzik/projects/dziennik/lib/Cake/Routing/Dispatcher.php(89): Dispatcher->_invoke(Object(PagesController), Object(CakeRequest), Object(CakeResponse))
#7 /Users/goozzik/projects/dziennik/app/webroot/index.php(96): Dispatcher->dispatch(Object(CakeRequest), Object(CakeResponse))
#8 {main}
2011-12-01 13:46:10 Error: [MissingActionException] Action TeachersController::js() could not be found.
#0 /Users/goozzik/projects/dziennik/lib/Cake/Routing/Dispatcher.php(107): Controller->invokeAction(Object(CakeRequest))
#1 /Users/goozzik/projects/dziennik/lib/Cake/Routing/Dispatcher.php(89): Dispatcher->_invoke(Object(TeachersController), Object(CakeRequest), Object(CakeResponse))
#2 /Users/goozzik/projects/dziennik/app/webroot/index.php(96): Dispatcher->dispatch(Object(CakeRequest), Object(CakeResponse))
#3 {main}
2011-12-01 13:46:29 Error: [MissingActionException] Action TeachersController::js() could not be found.
#0 /Users/goozzik/projects/dziennik/lib/Cake/Routing/Dispatcher.php(107): Controller->invokeAction(Object(CakeRequest))
#1 /Users/goozzik/projects/dziennik/lib/Cake/Routing/Dispatcher.php(89): Dispatcher->_invoke(Object(TeachersController), Object(CakeRequest), Object(CakeResponse))
#2 /Users/goozzik/projects/dziennik/app/webroot/index.php(96): Dispatcher->dispatch(Object(CakeRequest), Object(CakeResponse))
#3 {main}
2011-12-01 14:21:41 Error: [MissingActionException] Action UsersController::js() could not be found.
#0 /Users/goozzik/projects/dziennik/lib/Cake/Routing/Dispatcher.php(107): Controller->invokeAction(Object(CakeRequest))
#1 /Users/goozzik/projects/dziennik/lib/Cake/Routing/Dispatcher.php(89): Dispatcher->_invoke(Object(UsersController), Object(CakeRequest), Object(CakeResponse))
#2 /Users/goozzik/projects/dziennik/app/webroot/index.php(96): Dispatcher->dispatch(Object(CakeRequest), Object(CakeResponse))
#3 {main}
2011-12-01 14:21:45 Error: [MissingActionException] Action UsersController::js() could not be found.
#0 /Users/goozzik/projects/dziennik/lib/Cake/Routing/Dispatcher.php(107): Controller->invokeAction(Object(CakeRequest))
#1 /Users/goozzik/projects/dziennik/lib/Cake/Routing/Dispatcher.php(89): Dispatcher->_invoke(Object(UsersController), Object(CakeRequest), Object(CakeResponse))
#2 /Users/goozzik/projects/dziennik/app/webroot/index.php(96): Dispatcher->dispatch(Object(CakeRequest), Object(CakeResponse))
#3 {main}
2011-12-01 14:32:10 Error: [PDOException] SQLSTATE[42S22]: Column not found: 1054 Unknown column 'User.account_type' in 'where clause'
#0 /Users/goozzik/projects/dziennik/lib/Cake/Model/Datasource/DboSource.php(436): PDOStatement->execute(Array)
#1 /Users/goozzik/projects/dziennik/lib/Cake/Model/Datasource/DboSource.php(403): DboSource->_execute('SELECT `User`.`...', Array)
#2 /Users/goozzik/projects/dziennik/lib/Cake/Model/Datasource/DboSource.php(647): DboSource->execute('SELECT `User`.`...', Array, Array)
#3 /Users/goozzik/projects/dziennik/lib/Cake/Model/Datasource/DboSource.php(1040): DboSource->fetchAll('SELECT `User`.`...', false)
#4 /Users/goozzik/projects/dziennik/lib/Cake/Model/Model.php(2460): DboSource->read(Object(User), Array)
#5 /Users/goozzik/projects/dziennik/app/Controller/TeachersController.php(19): Model->find('all', Array)
#6 [internal function]: TeachersController->students()
#7 /Users/goozzik/projects/dziennik/lib/Cake/Controller/Controller.php(473): ReflectionMethod->invokeArgs(Object(TeachersController), Array)
#8 /Users/goozzik/projects/dziennik/lib/Cake/Routing/Dispatcher.php(107): Controller->invokeAction(Object(CakeRequest))
#9 /Users/goozzik/projects/dziennik/lib/Cake/Routing/Dispatcher.php(89): Dispatcher->_invoke(Object(TeachersController), Object(CakeRequest), Object(CakeResponse))
#10 /Users/goozzik/projects/dziennik/app/webroot/index.php(96): Dispatcher->dispatch(Object(CakeRequest), Object(CakeResponse))
#11 {main}
